#
# There is insufficient memory for the Java Runtime Environment to continue.
# Native memory allocation (malloc) failed to allocate 1306416 bytes for Chunk::new
# Possible reasons:
#   The system is out of physical RAM or swap space
#   The process is running with CompressedOops enabled, and the Java Heap may be blocking the growth of the native heap
# Possible solutions:
#   Reduce memory load on the system
#   Increase physical memory or swap space
#   Check if swap backing store is full
#   Decrease Java heap size (-Xmx/-Xms)
#   Decrease number of Java threads
#   Decrease Java thread stack sizes (-Xss)
#   Set larger code cache with -XX:ReservedCodeCacheSize=
#   JVM is running with Unscaled Compressed Oops mode in which the Java heap is
#     placed in the first 4GB address space. The Java Heap base address is the
#     maximum limit for the native heap growth. Please use -XX:HeapBaseMinAddress
#     to set the Java Heap base and to place the Java Heap above 4GB virtual address.
# This output file may be truncated or incomplete.
#
#  Out of Memory Error (./src/hotspot/share/memory/arena.cpp:197), pid=35136, tid=32284
#
# JRE version: OpenJDK Runtime Environment (11.0.12+7) (build 11.0.12+7-b1504.28-7817840)
# Java VM: OpenJDK 64-Bit Server VM (11.0.12+7-b1504.28-7817840, mixed mode, tiered, compressed oops, g1 gc, windows-amd64)
# No core dump will be written. Minidumps are not enabled by default on client versions of Windows
#

---------------  S U M M A R Y ------------

Command Line: -XX:MaxMetaspaceSize=512m --add-opens=java.base/java.util=ALL-UNNAMED --add-opens=java.base/java.lang=ALL-UNNAMED --add-opens=java.base/java.lang.invoke=ALL-UNNAMED --add-opens=java.base/java.util=ALL-UNNAMED --add-opens=java.prefs/java.util.prefs=ALL-UNNAMED --add-opens=java.prefs/java.util.prefs=ALL-UNNAMED --add-opens=java.base/java.nio.charset=ALL-UNNAMED --add-opens=java.base/java.net=ALL-UNNAMED --add-opens=java.base/java.util.concurrent.atomic=ALL-UNNAMED -Xmx2048m -Dfile.encoding=windows-1252 -Duser.country=NZ -Duser.language=en -Duser.variant org.gradle.launcher.daemon.bootstrap.GradleDaemon 7.3.3

Host: Intel(R) Core(TM) i7-8665U CPU @ 1.90GHz, 8 cores, 7G,  Windows 10 , 64 bit Build 19041 (10.0.19041.1706)
Time: Tue May 31 16:45:59 2022 New Zealand Standard Time elapsed time: 5.002673 seconds (0d 0h 0m 5s)

---------------  T H R E A D  ---------------

Current thread (0x000001eb22622800):  JavaThread "C2 CompilerThread0" daemon [_thread_in_native, id=32284, stack(0x0000007c4d000000,0x0000007c4d100000)]


Current CompileTask:
C2:   5004 1964   !   4       java.lang.ClassLoader::loadClass (122 bytes)

Stack: [0x0000007c4d000000,0x0000007c4d100000]
Native frames: (J=compiled Java code, j=interpreted, Vv=VM code, C=native code)
V  [jvm.dll+0x5fbcea]
V  [jvm.dll+0x731905]
V  [jvm.dll+0x732f1d]
V  [jvm.dll+0x7335d3]
V  [jvm.dll+0x247bf8]
V  [jvm.dll+0xc018c]
V  [jvm.dll+0xc06cc]
V  [jvm.dll+0x35b2db]
V  [jvm.dll+0x328803]
V  [jvm.dll+0x327cfa]
V  [jvm.dll+0x200602]
V  [jvm.dll+0x1ff794]
V  [jvm.dll+0x18868c]
V  [jvm.dll+0x20e0d7]
V  [jvm.dll+0x20c901]
V  [jvm.dll+0x6f9b7f]
V  [jvm.dll+0x6f26a5]
V  [jvm.dll+0x5fabf6]
C  [ucrtbase.dll+0x21bb2]
C  [KERNEL32.DLL+0x17034]
C  [ntdll.dll+0x52651]


---------------  P R O C E S S  ---------------

Threads class SMR info:
_java_thread_list=0x000001eb2539f9d0, length=23, elements={
0x000001eb0815b800, 0x000001eb225f3000, 0x000001eb225f6800, 0x000001eb22611000,
0x000001eb22614800, 0x000001eb22615800, 0x000001eb22622800, 0x000001eb22629000,
0x000001eb2263a800, 0x000001eb230cf800, 0x000001eb25002000, 0x000001eb25000800,
0x000001eb25004800, 0x000001eb25003000, 0x000001eb25000000, 0x000001eb25001800,
0x000001eb25004000, 0x000001eb24fff000, 0x000001eb25005800, 0x000001eb25260000,
0x000001eb25263800, 0x000001eb25264000, 0x000001eb25261000
}

Java Threads: ( => current thread )
  0x000001eb0815b800 JavaThread "main" [_thread_blocked, id=30812, stack(0x0000007c4c400000,0x0000007c4c500000)]
  0x000001eb225f3000 JavaThread "Reference Handler" daemon [_thread_blocked, id=22408, stack(0x0000007c4cb00000,0x0000007c4cc00000)]
  0x000001eb225f6800 JavaThread "Finalizer" daemon [_thread_blocked, id=22784, stack(0x0000007c4cc00000,0x0000007c4cd00000)]
  0x000001eb22611000 JavaThread "Signal Dispatcher" daemon [_thread_blocked, id=31964, stack(0x0000007c4cd00000,0x0000007c4ce00000)]
  0x000001eb22614800 JavaThread "Attach Listener" daemon [_thread_blocked, id=20588, stack(0x0000007c4ce00000,0x0000007c4cf00000)]
  0x000001eb22615800 JavaThread "Service Thread" daemon [_thread_blocked, id=31332, stack(0x0000007c4cf00000,0x0000007c4d000000)]
=>0x000001eb22622800 JavaThread "C2 CompilerThread0" daemon [_thread_in_native, id=32284, stack(0x0000007c4d000000,0x0000007c4d100000)]
  0x000001eb22629000 JavaThread "C1 CompilerThread0" daemon [_thread_blocked, id=24712, stack(0x0000007c4d100000,0x0000007c4d200000)]
  0x000001eb2263a800 JavaThread "Sweeper thread" daemon [_thread_blocked, id=1152, stack(0x0000007c4d200000,0x0000007c4d300000)]
  0x000001eb230cf800 JavaThread "Common-Cleaner" daemon [_thread_blocked, id=26088, stack(0x0000007c4d300000,0x0000007c4d400000)]
  0x000001eb25002000 JavaThread "Daemon health stats" [_thread_blocked, id=35424, stack(0x0000007c4d700000,0x0000007c4d800000)]
  0x000001eb25000800 JavaThread "Incoming local TCP Connector on port 50511" [_thread_in_native, id=23872, stack(0x0000007c4d800000,0x0000007c4d900000)]
  0x000001eb25004800 JavaThread "Daemon periodic checks" [_thread_blocked, id=20080, stack(0x0000007c4d900000,0x0000007c4da00000)]
  0x000001eb25003000 JavaThread "Daemon" [_thread_blocked, id=31072, stack(0x0000007c4da00000,0x0000007c4db00000)]
  0x000001eb25000000 JavaThread "Handler for socket connection from /127.0.0.1:50511 to /127.0.0.1:50512" [_thread_in_native, id=36620, stack(0x0000007c4db00000,0x0000007c4dc00000)]
  0x000001eb25001800 JavaThread "Cancel handler" [_thread_blocked, id=16420, stack(0x0000007c4dc00000,0x0000007c4dd00000)]
  0x000001eb25004000 JavaThread "Daemon worker" [_thread_in_vm, id=4484, stack(0x0000007c4dd00000,0x0000007c4de00000)]
  0x000001eb24fff000 JavaThread "Asynchronous log dispatcher for DefaultDaemonConnection: socket connection from /127.0.0.1:50511 to /127.0.0.1:50512" [_thread_blocked, id=26192, stack(0x0000007c4de00000,0x0000007c4df00000)]
  0x000001eb25005800 JavaThread "Stdin handler" [_thread_blocked, id=37772, stack(0x0000007c4df00000,0x0000007c4e000000)]
  0x000001eb25260000 JavaThread "Daemon client event forwarder" [_thread_blocked, id=32312, stack(0x0000007c4e000000,0x0000007c4e100000)]
  0x000001eb25263800 JavaThread "Cache worker for journal cache (C:\Users\modini\.gradle\caches\journal-1)" [_thread_blocked, id=880, stack(0x0000007c4e600000,0x0000007c4e700000)]
  0x000001eb25264000 JavaThread "File lock request listener" [_thread_in_native, id=29628, stack(0x0000007c4e700000,0x0000007c4e800000)]
  0x000001eb25261000 JavaThread "Cache worker for file hash cache (C:\Users\modini\.gradle\caches\7.3.3\fileHashes)" [_thread_blocked, id=33696, stack(0x0000007c4e900000,0x0000007c4ea00000)]

Other Threads:
  0x000001eb225ef000 VMThread "VM Thread" [stack: 0x0000007c4ca00000,0x0000007c4cb00000] [id=35556]
  0x000001eb230dc800 WatcherThread [stack: 0x0000007c4d400000,0x0000007c4d500000] [id=18436]
  0x000001eb08178000 GCTaskThread "GC Thread#0" [stack: 0x0000007c4c500000,0x0000007c4c600000] [id=28500]
  0x000001eb2334e000 GCTaskThread "GC Thread#1" [stack: 0x0000007c4d500000,0x0000007c4d600000] [id=1488]
  0x000001eb23bea800 GCTaskThread "GC Thread#2" [stack: 0x0000007c4d600000,0x0000007c4d700000] [id=26400]
  0x000001eb2527b000 GCTaskThread "GC Thread#3" [stack: 0x0000007c4e100000,0x0000007c4e200000] [id=21904]
  0x000001eb2512e000 GCTaskThread "GC Thread#4" [stack: 0x0000007c4e200000,0x0000007c4e300000] [id=7460]
  0x000001eb2512f000 GCTaskThread "GC Thread#5" [stack: 0x0000007c4e300000,0x0000007c4e400000] [id=20840]
  0x000001eb2512f800 GCTaskThread "GC Thread#6" [stack: 0x0000007c4e400000,0x0000007c4e500000] [id=32292]
  0x000001eb25113800 GCTaskThread "GC Thread#7" [stack: 0x0000007c4e500000,0x0000007c4e600000] [id=23540]
  0x000001eb081a9000 ConcurrentGCThread "G1 Main Marker" [stack: 0x0000007c4c600000,0x0000007c4c700000] [id=23784]
  0x000001eb081aa800 ConcurrentGCThread "G1 Conc#0" [stack: 0x0000007c4c700000,0x0000007c4c800000] [id=32716]
  0x000001eb25492800 ConcurrentGCThread "G1 Conc#1" [stack: 0x0000007c4e800000,0x0000007c4e900000] [id=19632]
  0x000001eb22460800 ConcurrentGCThread "G1 Refine#0" [stack: 0x0000007c4c800000,0x0000007c4c900000] [id=28884]
  0x000001eb22461800 ConcurrentGCThread "G1 Young RemSet Sampling" [stack: 0x0000007c4c900000,0x0000007c4ca00000] [id=22416]

Threads with active compile tasks:
C2 CompilerThread0   5129 1964   !   4       java.lang.ClassLoader::loadClass (122 bytes)

VM state:not at safepoint (normal execution)

VM Mutex/Monitor currently owned by a thread: None

Heap address: 0x0000000080000000, size: 2048 MB, Compressed Oops mode: 32-bit
Narrow klass base: 0x0000000000000000, Narrow klass shift: 3
Compressed class space size: 528482304 Address: 0x0000000100000000

Heap:
 garbage-first heap   total 129024K, used 30425K [0x0000000080000000, 0x0000000100000000)
  region size 1024K, 16 young (16384K), 2 survivors (2048K)
 Metaspace       used 22511K, capacity 23058K, committed 23296K, reserved 536576K
  class space    used 2813K, capacity 2984K, committed 3072K, reserved 516096K
Heap Regions: E=young(eden), S=young(survivor), O=old, HS=humongous(starts), HC=humongous(continues), CS=collection set, F=free, A=archive, TAMS=top-at-mark-start (previous, next)
|   0|0x0000000080000000, 0x0000000080100000, 0x0000000080100000|100%| O|  |TAMS 0x0000000080100000, 0x0000000080000000| Untracked 
|   1|0x0000000080100000, 0x0000000080200000, 0x0000000080200000|100%| O|  |TAMS 0x0000000080200000, 0x0000000080100000| Untracked 
|   2|0x0000000080200000, 0x0000000080300000, 0x0000000080300000|100%| O|  |TAMS 0x0000000080300000, 0x0000000080200000| Untracked 
|   3|0x0000000080300000, 0x0000000080400000, 0x0000000080400000|100%|HS|  |TAMS 0x0000000080400000, 0x0000000080300000| Complete 
|   4|0x0000000080400000, 0x0000000080500000, 0x0000000080500000|100%|HC|  |TAMS 0x0000000080500000, 0x0000000080400000| Complete 
|   5|0x0000000080500000, 0x0000000080600000, 0x0000000080600000|100%|HC|  |TAMS 0x0000000080600000, 0x0000000080500000| Complete 
|   6|0x0000000080600000, 0x0000000080700000, 0x0000000080700000|100%| O|  |TAMS 0x0000000080700000, 0x0000000080600000| Untracked 
|   7|0x0000000080700000, 0x0000000080800000, 0x0000000080800000|100%| O|  |TAMS 0x0000000080800000, 0x0000000080700000| Untracked 
|   8|0x0000000080800000, 0x0000000080900000, 0x0000000080900000|100%| O|  |TAMS 0x0000000080900000, 0x0000000080800000| Untracked 
|   9|0x0000000080900000, 0x0000000080a00000, 0x0000000080a00000|100%| O|  |TAMS 0x0000000080a00000, 0x0000000080900000| Untracked 
|  10|0x0000000080a00000, 0x0000000080b00000, 0x0000000080b00000|100%| O|  |TAMS 0x0000000080b00000, 0x0000000080a00000| Untracked 
|  11|0x0000000080b00000, 0x0000000080c00000, 0x0000000080c00000|100%| O|  |TAMS 0x0000000080c00000, 0x0000000080b00000| Untracked 
|  12|0x0000000080c00000, 0x0000000080d00000, 0x0000000080d00000|100%| O|  |TAMS 0x0000000080d00000, 0x0000000080c00000| Untracked 
|  13|0x0000000080d00000, 0x0000000080e00000, 0x0000000080e00000|100%| O|  |TAMS 0x0000000080e00000, 0x0000000080d00000| Untracked 
|  14|0x0000000080e00000, 0x0000000080f00000, 0x0000000080f00000|100%| O|  |TAMS 0x0000000080f00000, 0x0000000080e00000| Untracked 
|  15|0x0000000080f00000, 0x0000000080fa5200, 0x0000000081000000| 64%| O|  |TAMS 0x0000000080fa5200, 0x0000000080f00000| Untracked 
|  16|0x0000000081000000, 0x0000000081000000, 0x0000000081100000|  0%| F|  |TAMS 0x0000000081000000, 0x0000000081000000| Untracked 
|  17|0x0000000081100000, 0x0000000081100000, 0x0000000081200000|  0%| F|  |TAMS 0x0000000081100000, 0x0000000081100000| Untracked 
|  18|0x0000000081200000, 0x0000000081200000, 0x0000000081300000|  0%| F|  |TAMS 0x0000000081200000, 0x0000000081200000| Untracked 
|  19|0x0000000081300000, 0x0000000081300000, 0x0000000081400000|  0%| F|  |TAMS 0x0000000081300000, 0x0000000081300000| Untracked 
|  20|0x0000000081400000, 0x0000000081400000, 0x0000000081500000|  0%| F|  |TAMS 0x0000000081400000, 0x0000000081400000| Untracked 
|  21|0x0000000081500000, 0x0000000081500000, 0x0000000081600000|  0%| F|  |TAMS 0x0000000081500000, 0x0000000081500000| Untracked 
|  22|0x0000000081600000, 0x0000000081600000, 0x0000000081700000|  0%| F|  |TAMS 0x0000000081600000, 0x0000000081600000| Untracked 
|  23|0x0000000081700000, 0x0000000081700000, 0x0000000081800000|  0%| F|  |TAMS 0x0000000081700000, 0x0000000081700000| Untracked 
|  24|0x0000000081800000, 0x0000000081800000, 0x0000000081900000|  0%| F|  |TAMS 0x0000000081800000, 0x0000000081800000| Untracked 
|  25|0x0000000081900000, 0x0000000081900000, 0x0000000081a00000|  0%| F|  |TAMS 0x0000000081900000, 0x0000000081900000| Untracked 
|  26|0x0000000081a00000, 0x0000000081a00000, 0x0000000081b00000|  0%| F|  |TAMS 0x0000000081a00000, 0x0000000081a00000| Untracked 
|  27|0x0000000081b00000, 0x0000000081b00000, 0x0000000081c00000|  0%| F|  |TAMS 0x0000000081b00000, 0x0000000081b00000| Untracked 
|  28|0x0000000081c00000, 0x0000000081c00000, 0x0000000081d00000|  0%| F|  |TAMS 0x0000000081c00000, 0x0000000081c00000| Untracked 
|  29|0x0000000081d00000, 0x0000000081d00000, 0x0000000081e00000|  0%| F|  |TAMS 0x0000000081d00000, 0x0000000081d00000| Untracked 
|  30|0x0000000081e00000, 0x0000000081e00000, 0x0000000081f00000|  0%| F|  |TAMS 0x0000000081e00000, 0x0000000081e00000| Untracked 
|  31|0x0000000081f00000, 0x0000000081f00000, 0x0000000082000000|  0%| F|  |TAMS 0x0000000081f00000, 0x0000000081f00000| Untracked 
|  32|0x0000000082000000, 0x0000000082000000, 0x0000000082100000|  0%| F|  |TAMS 0x0000000082000000, 0x0000000082000000| Untracked 
|  33|0x0000000082100000, 0x0000000082100000, 0x0000000082200000|  0%| F|  |TAMS 0x0000000082100000, 0x0000000082100000| Untracked 
|  34|0x0000000082200000, 0x0000000082200000, 0x0000000082300000|  0%| F|  |TAMS 0x0000000082200000, 0x0000000082200000| Untracked 
|  35|0x0000000082300000, 0x0000000082300000, 0x0000000082400000|  0%| F|  |TAMS 0x0000000082300000, 0x0000000082300000| Untracked 
|  36|0x0000000082400000, 0x0000000082400000, 0x0000000082500000|  0%| F|  |TAMS 0x0000000082400000, 0x0000000082400000| Untracked 
|  37|0x0000000082500000, 0x0000000082500000, 0x0000000082600000|  0%| F|  |TAMS 0x0000000082500000, 0x0000000082500000| Untracked 
|  38|0x0000000082600000, 0x0000000082600000, 0x0000000082700000|  0%| F|  |TAMS 0x0000000082600000, 0x0000000082600000| Untracked 
|  39|0x0000000082700000, 0x0000000082700000, 0x0000000082800000|  0%| F|  |TAMS 0x0000000082700000, 0x0000000082700000| Untracked 
|  40|0x0000000082800000, 0x0000000082800000, 0x0000000082900000|  0%| F|  |TAMS 0x0000000082800000, 0x0000000082800000| Untracked 
|  41|0x0000000082900000, 0x0000000082900000, 0x0000000082a00000|  0%| F|  |TAMS 0x0000000082900000, 0x0000000082900000| Untracked 
|  42|0x0000000082a00000, 0x0000000082a00000, 0x0000000082b00000|  0%| F|  |TAMS 0x0000000082a00000, 0x0000000082a00000| Untracked 
|  43|0x0000000082b00000, 0x0000000082b00000, 0x0000000082c00000|  0%| F|  |TAMS 0x0000000082b00000, 0x0000000082b00000| Untracked 
|  44|0x0000000082c00000, 0x0000000082c00000, 0x0000000082d00000|  0%| F|  |TAMS 0x0000000082c00000, 0x0000000082c00000| Untracked 
|  45|0x0000000082d00000, 0x0000000082d00000, 0x0000000082e00000|  0%| F|  |TAMS 0x0000000082d00000, 0x0000000082d00000| Untracked 
|  46|0x0000000082e00000, 0x0000000082e00000, 0x0000000082f00000|  0%| F|  |TAMS 0x0000000082e00000, 0x0000000082e00000| Untracked 
|  47|0x0000000082f00000, 0x0000000082f00000, 0x0000000083000000|  0%| F|  |TAMS 0x0000000082f00000, 0x0000000082f00000| Untracked 
|  48|0x0000000083000000, 0x0000000083000000, 0x0000000083100000|  0%| F|  |TAMS 0x0000000083000000, 0x0000000083000000| Untracked 
|  49|0x0000000083100000, 0x0000000083100000, 0x0000000083200000|  0%| F|  |TAMS 0x0000000083100000, 0x0000000083100000| Untracked 
|  50|0x0000000083200000, 0x0000000083200000, 0x0000000083300000|  0%| F|  |TAMS 0x0000000083200000, 0x0000000083200000| Untracked 
|  51|0x0000000083300000, 0x0000000083300000, 0x0000000083400000|  0%| F|  |TAMS 0x0000000083300000, 0x0000000083300000| Untracked 
|  52|0x0000000083400000, 0x0000000083400000, 0x0000000083500000|  0%| F|  |TAMS 0x0000000083400000, 0x0000000083400000| Untracked 
|  53|0x0000000083500000, 0x0000000083500000, 0x0000000083600000|  0%| F|  |TAMS 0x0000000083500000, 0x0000000083500000| Untracked 
|  54|0x0000000083600000, 0x0000000083600000, 0x0000000083700000|  0%| F|  |TAMS 0x0000000083600000, 0x0000000083600000| Untracked 
|  55|0x0000000083700000, 0x0000000083700000, 0x0000000083800000|  0%| F|  |TAMS 0x0000000083700000, 0x0000000083700000| Untracked 
|  56|0x0000000083800000, 0x0000000083800000, 0x0000000083900000|  0%| F|  |TAMS 0x0000000083800000, 0x0000000083800000| Untracked 
|  57|0x0000000083900000, 0x0000000083900000, 0x0000000083a00000|  0%| F|  |TAMS 0x0000000083900000, 0x0000000083900000| Untracked 
|  58|0x0000000083a00000, 0x0000000083a00000, 0x0000000083b00000|  0%| F|  |TAMS 0x0000000083a00000, 0x0000000083a00000| Untracked 
|  59|0x0000000083b00000, 0x0000000083b00000, 0x0000000083c00000|  0%| F|  |TAMS 0x0000000083b00000, 0x0000000083b00000| Untracked 
|  60|0x0000000083c00000, 0x0000000083c00000, 0x0000000083d00000|  0%| F|  |TAMS 0x0000000083c00000, 0x0000000083c00000| Untracked 
|  61|0x0000000083d00000, 0x0000000083d00000, 0x0000000083e00000|  0%| F|  |TAMS 0x0000000083d00000, 0x0000000083d00000| Untracked 
|  62|0x0000000083e00000, 0x0000000083e00000, 0x0000000083f00000|  0%| F|  |TAMS 0x0000000083e00000, 0x0000000083e00000| Untracked 
|  63|0x0000000083f00000, 0x0000000083f00000, 0x0000000084000000|  0%| F|  |TAMS 0x0000000083f00000, 0x0000000083f00000| Untracked 
|  64|0x0000000084000000, 0x0000000084000000, 0x0000000084100000|  0%| F|  |TAMS 0x0000000084000000, 0x0000000084000000| Untracked 
|  65|0x0000000084100000, 0x0000000084100000, 0x0000000084200000|  0%| F|  |TAMS 0x0000000084100000, 0x0000000084100000| Untracked 
|  66|0x0000000084200000, 0x0000000084200000, 0x0000000084300000|  0%| F|  |TAMS 0x0000000084200000, 0x0000000084200000| Untracked 
|  67|0x0000000084300000, 0x0000000084300000, 0x0000000084400000|  0%| F|  |TAMS 0x0000000084300000, 0x0000000084300000| Untracked 
|  68|0x0000000084400000, 0x0000000084400000, 0x0000000084500000|  0%| F|  |TAMS 0x0000000084400000, 0x0000000084400000| Untracked 
|  69|0x0000000084500000, 0x0000000084500000, 0x0000000084600000|  0%| F|  |TAMS 0x0000000084500000, 0x0000000084500000| Untracked 
|  70|0x0000000084600000, 0x0000000084600000, 0x0000000084700000|  0%| F|  |TAMS 0x0000000084600000, 0x0000000084600000| Untracked 
|  71|0x0000000084700000, 0x0000000084700000, 0x0000000084800000|  0%| F|  |TAMS 0x0000000084700000, 0x0000000084700000| Untracked 
|  72|0x0000000084800000, 0x0000000084800000, 0x0000000084900000|  0%| F|  |TAMS 0x0000000084800000, 0x0000000084800000| Untracked 
|  73|0x0000000084900000, 0x0000000084900000, 0x0000000084a00000|  0%| F|  |TAMS 0x0000000084900000, 0x0000000084900000| Untracked 
|  74|0x0000000084a00000, 0x0000000084a00000, 0x0000000084b00000|  0%| F|  |TAMS 0x0000000084a00000, 0x0000000084a00000| Untracked 
|  75|0x0000000084b00000, 0x0000000084b00000, 0x0000000084c00000|  0%| F|  |TAMS 0x0000000084b00000, 0x0000000084b00000| Untracked 
|  76|0x0000000084c00000, 0x0000000084c00000, 0x0000000084d00000|  0%| F|  |TAMS 0x0000000084c00000, 0x0000000084c00000| Untracked 
|  77|0x0000000084d00000, 0x0000000084d00000, 0x0000000084e00000|  0%| F|  |TAMS 0x0000000084d00000, 0x0000000084d00000| Untracked 
|  78|0x0000000084e00000, 0x0000000084e00000, 0x0000000084f00000|  0%| F|  |TAMS 0x0000000084e00000, 0x0000000084e00000| Untracked 
|  79|0x0000000084f00000, 0x0000000084f00000, 0x0000000085000000|  0%| F|  |TAMS 0x0000000084f00000, 0x0000000084f00000| Untracked 
|  80|0x0000000085000000, 0x0000000085000000, 0x0000000085100000|  0%| F|  |TAMS 0x0000000085000000, 0x0000000085000000| Untracked 
|  81|0x0000000085100000, 0x0000000085100000, 0x0000000085200000|  0%| F|  |TAMS 0x0000000085100000, 0x0000000085100000| Untracked 
|  82|0x0000000085200000, 0x0000000085200000, 0x0000000085300000|  0%| F|  |TAMS 0x0000000085200000, 0x0000000085200000| Untracked 
|  83|0x0000000085300000, 0x0000000085300000, 0x0000000085400000|  0%| F|  |TAMS 0x0000000085300000, 0x0000000085300000| Untracked 
|  84|0x0000000085400000, 0x0000000085400000, 0x0000000085500000|  0%| F|  |TAMS 0x0000000085400000, 0x0000000085400000| Untracked 
|  85|0x0000000085500000, 0x0000000085500000, 0x0000000085600000|  0%| F|  |TAMS 0x0000000085500000, 0x0000000085500000| Untracked 
|  86|0x0000000085600000, 0x0000000085600000, 0x0000000085700000|  0%| F|  |TAMS 0x0000000085600000, 0x0000000085600000| Untracked 
|  87|0x0000000085700000, 0x0000000085700000, 0x0000000085800000|  0%| F|  |TAMS 0x0000000085700000, 0x0000000085700000| Untracked 
|  88|0x0000000085800000, 0x0000000085800000, 0x0000000085900000|  0%| F|  |TAMS 0x0000000085800000, 0x0000000085800000| Untracked 
|  89|0x0000000085900000, 0x0000000085900000, 0x0000000085a00000|  0%| F|  |TAMS 0x0000000085900000, 0x0000000085900000| Untracked 
|  90|0x0000000085a00000, 0x0000000085a00000, 0x0000000085b00000|  0%| F|  |TAMS 0x0000000085a00000, 0x0000000085a00000| Untracked 
|  91|0x0000000085b00000, 0x0000000085b00000, 0x0000000085c00000|  0%| F|  |TAMS 0x0000000085b00000, 0x0000000085b00000| Untracked 
|  92|0x0000000085c00000, 0x0000000085c00000, 0x0000000085d00000|  0%| F|  |TAMS 0x0000000085c00000, 0x0000000085c00000| Untracked 
|  93|0x0000000085d00000, 0x0000000085d00000, 0x0000000085e00000|  0%| F|  |TAMS 0x0000000085d00000, 0x0000000085d00000| Untracked 
|  94|0x0000000085e00000, 0x0000000085e113e8, 0x0000000085f00000|  6%| S|CS|TAMS 0x0000000085e00000, 0x0000000085e00000| Complete 
|  95|0x0000000085f00000, 0x0000000086000000, 0x0000000086000000|100%| S|CS|TAMS 0x0000000085f00000, 0x0000000085f00000| Complete 
|  96|0x0000000086000000, 0x0000000086000000, 0x0000000086100000|  0%| F|  |TAMS 0x0000000086000000, 0x0000000086000000| Untracked 
|  97|0x0000000086100000, 0x0000000086100000, 0x0000000086200000|  0%| F|  |TAMS 0x0000000086100000, 0x0000000086100000| Untracked 
|  98|0x0000000086200000, 0x0000000086200000, 0x0000000086300000|  0%| F|  |TAMS 0x0000000086200000, 0x0000000086200000| Untracked 
|  99|0x0000000086300000, 0x0000000086300000, 0x0000000086400000|  0%| F|  |TAMS 0x0000000086300000, 0x0000000086300000| Untracked 
| 100|0x0000000086400000, 0x0000000086400000, 0x0000000086500000|  0%| F|  |TAMS 0x0000000086400000, 0x0000000086400000| Untracked 
| 101|0x0000000086500000, 0x0000000086500000, 0x0000000086600000|  0%| F|  |TAMS 0x0000000086500000, 0x0000000086500000| Untracked 
| 102|0x0000000086600000, 0x0000000086600000, 0x0000000086700000|  0%| F|  |TAMS 0x0000000086600000, 0x0000000086600000| Untracked 
| 103|0x0000000086700000, 0x0000000086700000, 0x0000000086800000|  0%| F|  |TAMS 0x0000000086700000, 0x0000000086700000| Untracked 
| 104|0x0000000086800000, 0x0000000086800000, 0x0000000086900000|  0%| F|  |TAMS 0x0000000086800000, 0x0000000086800000| Untracked 
| 105|0x0000000086900000, 0x0000000086900000, 0x0000000086a00000|  0%| F|  |TAMS 0x0000000086900000, 0x0000000086900000| Untracked 
| 106|0x0000000086a00000, 0x0000000086a00000, 0x0000000086b00000|  0%| F|  |TAMS 0x0000000086a00000, 0x0000000086a00000| Untracked 
| 107|0x0000000086b00000, 0x0000000086b00000, 0x0000000086c00000|  0%| F|  |TAMS 0x0000000086b00000, 0x0000000086b00000| Untracked 
| 108|0x0000000086c00000, 0x0000000086c00000, 0x0000000086d00000|  0%| F|  |TAMS 0x0000000086c00000, 0x0000000086c00000| Untracked 
| 109|0x0000000086d00000, 0x0000000086d143f8, 0x0000000086e00000|  7%| E|  |TAMS 0x0000000086d00000, 0x0000000086d00000| Complete 
| 110|0x0000000086e00000, 0x0000000086f00000, 0x0000000086f00000|100%| E|CS|TAMS 0x0000000086e00000, 0x0000000086e00000| Complete 
| 111|0x0000000086f00000, 0x0000000087000000, 0x0000000087000000|100%| E|CS|TAMS 0x0000000086f00000, 0x0000000086f00000| Complete 
| 112|0x0000000087000000, 0x0000000087100000, 0x0000000087100000|100%| E|CS|TAMS 0x0000000087000000, 0x0000000087000000| Complete 
| 113|0x0000000087100000, 0x0000000087200000, 0x0000000087200000|100%| E|CS|TAMS 0x0000000087100000, 0x0000000087100000| Complete 
| 114|0x0000000087200000, 0x0000000087300000, 0x0000000087300000|100%| E|CS|TAMS 0x0000000087200000, 0x0000000087200000| Complete 
| 115|0x0000000087300000, 0x0000000087400000, 0x0000000087400000|100%| E|CS|TAMS 0x0000000087300000, 0x0000000087300000| Complete 
| 116|0x0000000087400000, 0x0000000087500000, 0x0000000087500000|100%| E|CS|TAMS 0x0000000087400000, 0x0000000087400000| Complete 
| 117|0x0000000087500000, 0x0000000087600000, 0x0000000087600000|100%| E|CS|TAMS 0x0000000087500000, 0x0000000087500000| Complete 
| 118|0x0000000087600000, 0x0000000087700000, 0x0000000087700000|100%| E|CS|TAMS 0x0000000087600000, 0x0000000087600000| Complete 
| 119|0x0000000087700000, 0x0000000087800000, 0x0000000087800000|100%| E|CS|TAMS 0x0000000087700000, 0x0000000087700000| Complete 
| 120|0x0000000087800000, 0x0000000087900000, 0x0000000087900000|100%| E|CS|TAMS 0x0000000087800000, 0x0000000087800000| Complete 
| 121|0x0000000087900000, 0x0000000087a00000, 0x0000000087a00000|100%| E|CS|TAMS 0x0000000087900000, 0x0000000087900000| Complete 
| 122|0x0000000087a00000, 0x0000000087b00000, 0x0000000087b00000|100%| E|CS|TAMS 0x0000000087a00000, 0x0000000087a00000| Complete 
| 123|0x0000000087b00000, 0x0000000087c00000, 0x0000000087c00000|100%| E|CS|TAMS 0x0000000087b00000, 0x0000000087b00000| Complete 
| 124|0x0000000087c00000, 0x0000000087d00000, 0x0000000087d00000|100%| E|CS|TAMS 0x0000000087c00000, 0x0000000087c00000| Complete 
| 125|0x0000000087d00000, 0x0000000087e00000, 0x0000000087e00000|100%| E|CS|TAMS 0x0000000087d00000, 0x0000000087d00000| Complete 

Card table byte_map: [0x000001eb1b3b0000,0x000001eb1b7b0000] _byte_map_base: 0x000001eb1afb0000

Marking Bits (Prev, Next): (CMBitMap*) 0x000001eb081a0450, (CMBitMap*) 0x000001eb081a0418
 Prev Bits: [0x000001eb1dbb0000, 0x000001eb1fbb0000)
 Next Bits: [0x000001eb1bbb0000, 0x000001eb1dbb0000)

Polling page: 0x000001eb06130000

Metaspace:

Usage:
  Non-class:     19.92 MB capacity,    19.52 MB ( 98%) used,   368.06 KB (  2%) free+waste,    40.56 KB ( <1%) overhead. 
      Class:      2.98 MB capacity,     2.80 MB ( 94%) used,   160.37 KB (  5%) free+waste,    20.06 KB ( <1%) overhead. 
       Both:     22.90 MB capacity,    22.32 MB ( 97%) used,   528.43 KB (  2%) free+waste,    60.63 KB ( <1%) overhead. 

Virtual space:
  Non-class space:       20.00 MB reserved,      20.00 MB (100%) committed 
      Class space:      504.00 MB reserved,       3.00 MB ( <1%) committed 
             Both:      524.00 MB reserved,      23.00 MB (  4%) committed 

Chunk freelists:
   Non-Class:  18.00 KB
       Class:  21.00 KB
        Both:  39.00 KB

MaxMetaspaceSize: 512.00 MB
CompressedClassSpaceSize: 504.00 MB
Initial GC threshold: 20.80 MB
Current GC threshold: 35.00 MB
CDS: off

CodeHeap 'non-profiled nmethods': size=120000Kb used=846Kb max_used=846Kb free=119153Kb
 bounds [0x000001eb13740000, 0x000001eb139b0000, 0x000001eb1ac70000]
CodeHeap 'profiled nmethods': size=120000Kb used=4215Kb max_used=4215Kb free=115784Kb
 bounds [0x000001eb0c210000, 0x000001eb0c630000, 0x000001eb13740000]
CodeHeap 'non-nmethods': size=5760Kb used=1221Kb max_used=1232Kb free=4538Kb
 bounds [0x000001eb0bc70000, 0x000001eb0bee0000, 0x000001eb0c210000]
 total_blobs=2478 nmethods=1992 adapters=398
 compilation: enabled
              stopped_count=0, restarted_count=0
 full_count=0

Compilation events (20 events):
Event: 4.926 Thread 0x000001eb22629000 nmethod 1973 0x000001eb0c60fb90 code [0x000001eb0c60fde0, 0x000001eb0c610518]
Event: 4.932 Thread 0x000001eb22629000 1974       3       java.lang.invoke.MethodHandles$Lookup::checkSecurityManager (104 bytes)
Event: 4.933 Thread 0x000001eb22629000 nmethod 1974 0x000001eb0c610790 code [0x000001eb0c610a80, 0x000001eb0c611948]
Event: 4.955 Thread 0x000001eb22629000 1978       3       java.util.Vector::add (23 bytes)
Event: 4.955 Thread 0x000001eb22629000 nmethod 1978 0x000001eb0c611e10 code [0x000001eb0c612020, 0x000001eb0c612558]
Event: 4.964 Thread 0x000001eb22629000 1979       3       java.lang.ClassLoader::addClass (9 bytes)
Event: 4.965 Thread 0x000001eb22629000 nmethod 1979 0x000001eb0c612790 code [0x000001eb0c612940, 0x000001eb0c612b08]
Event: 4.965 Thread 0x000001eb22629000 1980  s    3       java.util.Vector::addElement (24 bytes)
Event: 4.965 Thread 0x000001eb22629000 nmethod 1980 0x000001eb0c612c10 code [0x000001eb0c612e20, 0x000001eb0c613538]
Event: 4.974 Thread 0x000001eb22629000 1982       3       java.lang.invoke.DirectMethodHandle::preparedLambdaForm (31 bytes)
Event: 4.974 Thread 0x000001eb22629000 nmethod 1982 0x000001eb0c613790 code [0x000001eb0c613980, 0x000001eb0c613ba8]
Event: 4.982 Thread 0x000001eb22629000 1983       1       java.lang.invoke.MethodHandleNatives::isPullModeBSM (2 bytes)
Event: 4.983 Thread 0x000001eb22629000 nmethod 1983 0x000001eb13811b90 code [0x000001eb13811d40, 0x000001eb13811dd8]
Event: 4.983 Thread 0x000001eb22629000 1984       3       java.lang.invoke.ConstantCallSite::getTarget (20 bytes)
Event: 4.983 Thread 0x000001eb22629000 nmethod 1984 0x000001eb0c613d10 code [0x000001eb0c613ee0, 0x000001eb0c6140e8]
Event: 4.983 Thread 0x000001eb22629000 1985       3       jdk.internal.org.objectweb.asm.MethodWriter::visitEnd (1 bytes)
Event: 4.983 Thread 0x000001eb22629000 nmethod 1985 0x000001eb0c614210 code [0x000001eb0c6143c0, 0x000001eb0c6144b8]
Event: 4.983 Thread 0x000001eb22629000 1986       3       jdk.internal.org.objectweb.asm.MethodWriter::getSize (838 bytes)
Event: 4.986 Thread 0x000001eb22629000 nmethod 1986 0x000001eb0c614590 code [0x000001eb0c614a40, 0x000001eb0c616928]
Event: 4.986 Thread 0x000001eb22629000 1987       3       jdk.internal.org.objectweb.asm.MethodWriter::put (1602 bytes)

GC Heap History (8 events):
Event: 1.241 GC heap before
{Heap before GC invocations=0 (full 0):
 garbage-first heap   total 129024K, used 30720K [0x0000000080000000, 0x0000000100000000)
  region size 1024K, 24 young (24576K), 0 survivors (0K)
 Metaspace       used 10222K, capacity 10427K, committed 10624K, reserved 526336K
  class space    used 1071K, capacity 1141K, committed 1152K, reserved 516096K
}
Event: 1.248 GC heap after
{Heap after GC invocations=1 (full 0):
 garbage-first heap   total 129024K, used 9180K [0x0000000080000000, 0x0000000100000000)
  region size 1024K, 3 young (3072K), 3 survivors (3072K)
 Metaspace       used 10222K, capacity 10427K, committed 10624K, reserved 526336K
  class space    used 1071K, capacity 1141K, committed 1152K, reserved 516096K
}
Event: 1.679 GC heap before
{Heap before GC invocations=1 (full 0):
 garbage-first heap   total 129024K, used 30684K [0x0000000080000000, 0x0000000100000000)
  region size 1024K, 24 young (24576K), 3 survivors (3072K)
 Metaspace       used 11194K, capacity 11382K, committed 11520K, reserved 526336K
  class space    used 1173K, capacity 1246K, committed 1280K, reserved 516096K
}
Event: 1.685 GC heap after
{Heap after GC invocations=2 (full 0):
 garbage-first heap   total 129024K, used 9979K [0x0000000080000000, 0x0000000100000000)
  region size 1024K, 1 young (1024K), 1 survivors (1024K)
 Metaspace       used 11194K, capacity 11382K, committed 11520K, reserved 526336K
  class space    used 1173K, capacity 1246K, committed 1280K, reserved 516096K
}
Event: 4.106 GC heap before
{Heap before GC invocations=2 (full 0):
 garbage-first heap   total 129024K, used 61179K [0x0000000080000000, 0x0000000100000000)
  region size 1024K, 51 young (52224K), 1 survivors (1024K)
 Metaspace       used 17805K, capacity 18186K, committed 18432K, reserved 532480K
  class space    used 2090K, capacity 2228K, committed 2304K, reserved 516096K
}
Event: 4.113 GC heap after
{Heap after GC invocations=3 (full 0):
 garbage-first heap   total 129024K, used 16090K [0x0000000080000000, 0x0000000100000000)
  region size 1024K, 7 young (7168K), 7 survivors (7168K)
 Metaspace       used 17805K, capacity 18186K, committed 18432K, reserved 532480K
  class space    used 2090K, capacity 2228K, committed 2304K, reserved 516096K
}
Event: 4.797 GC heap before
{Heap before GC invocations=3 (full 0):
 garbage-first heap   total 129024K, used 45786K [0x0000000080000000, 0x0000000100000000)
  region size 1024K, 37 young (37888K), 7 survivors (7168K)
 Metaspace       used 20755K, capacity 21158K, committed 21248K, reserved 534528K
  class space    used 2551K, capacity 2729K, committed 2816K, reserved 516096K
}
Event: 4.805 GC heap after
{Heap after GC invocations=4 (full 0):
 garbage-first heap   total 129024K, used 17113K [0x0000000080000000, 0x0000000100000000)
  region size 1024K, 2 young (2048K), 2 survivors (2048K)
 Metaspace       used 20755K, capacity 21158K, committed 21248K, reserved 534528K
  class space    used 2551K, capacity 2729K, committed 2816K, reserved 516096K
}

Deoptimization events (20 events):
Event: 3.909 Thread 0x000001eb25000000 DEOPT PACKING pc=0x000001eb137ce48c sp=0x0000007c4dbfdef0
Event: 3.909 Thread 0x000001eb25000000 DEOPT UNPACKING pc=0x000001eb0bcba1af sp=0x0000007c4dbfde70 mode 2
Event: 3.979 Thread 0x000001eb25004000 Uncommon trap: trap_request=0xffffffc6 fr.pc=0x000001eb137d0fd0 relative=0x0000000000000d30
Event: 3.979 Thread 0x000001eb25004000 Uncommon trap: reason=bimorphic_or_optimized_type_check action=maybe_recompile pc=0x000001eb137d0fd0 method=java.util.HashMap.putVal(ILjava/lang/Object;Ljava/lang/Object;ZZ)Ljava/lang/Object; @ 253 c2
Event: 3.979 Thread 0x000001eb25004000 DEOPT PACKING pc=0x000001eb137d0fd0 sp=0x0000007c4ddfedf0
Event: 3.979 Thread 0x000001eb25004000 DEOPT UNPACKING pc=0x000001eb0bcba1af sp=0x0000007c4ddfed28 mode 2
Event: 3.980 Thread 0x000001eb25004000 Uncommon trap: trap_request=0xffffffc6 fr.pc=0x000001eb137d0fd0 relative=0x0000000000000d30
Event: 3.980 Thread 0x000001eb25004000 Uncommon trap: reason=bimorphic_or_optimized_type_check action=maybe_recompile pc=0x000001eb137d0fd0 method=java.util.HashMap.putVal(ILjava/lang/Object;Ljava/lang/Object;ZZ)Ljava/lang/Object; @ 253 c2
Event: 3.980 Thread 0x000001eb25004000 DEOPT PACKING pc=0x000001eb137d0fd0 sp=0x0000007c4ddfeee0
Event: 3.980 Thread 0x000001eb25004000 DEOPT UNPACKING pc=0x000001eb0bcba1af sp=0x0000007c4ddfee18 mode 2
Event: 4.856 Thread 0x000001eb25004000 Uncommon trap: trap_request=0xffffff4d fr.pc=0x000001eb13808130 relative=0x0000000000000a10
Event: 4.856 Thread 0x000001eb25004000 Uncommon trap: reason=unstable_if action=reinterpret pc=0x000001eb13808130 method=java.io.WinNTFileSystem.resolve(Ljava/lang/String;Ljava/lang/String;)Ljava/lang/String; @ 19 c2
Event: 4.856 Thread 0x000001eb25004000 DEOPT PACKING pc=0x000001eb13808130 sp=0x0000007c4ddfb7a0
Event: 4.856 Thread 0x000001eb25004000 DEOPT UNPACKING pc=0x000001eb0bcba1af sp=0x0000007c4ddfb738 mode 2
Event: 4.858 Thread 0x000001eb25004000 Uncommon trap: trap_request=0xffffff4d fr.pc=0x000001eb137d6b90 relative=0x0000000000000450
Event: 4.858 Thread 0x000001eb25004000 Uncommon trap: reason=unstable_if action=reinterpret pc=0x000001eb137d6b90 method=java.lang.String.substring(I)Ljava/lang/String; @ 34 c2
Event: 4.858 Thread 0x000001eb25004000 DEOPT PACKING pc=0x000001eb137d6b90 sp=0x0000007c4ddfb690
Event: 4.858 Thread 0x000001eb25004000 DEOPT UNPACKING pc=0x000001eb0bcba1af sp=0x0000007c4ddfb658 mode 2
Event: 4.987 Thread 0x000001eb25004000 DEOPT PACKING pc=0x000001eb0c2c83cc sp=0x0000007c4ddf84e0
Event: 4.987 Thread 0x000001eb25004000 DEOPT UNPACKING pc=0x000001eb0bcba95e sp=0x0000007c4ddf7a80 mode 0

Classes redefined (0 events):
No events

Internal exceptions (20 events):
Event: 0.852 Thread 0x000001eb0815b800 Exception <a 'java/lang/NoSuchMethodError'{0x0000000086ce7480}: 'void java.lang.invoke.DelegatingMethodHandle$Holder.delegate(java.lang.Object, java.lang.Object, int, java.lang.Object)'> (0x0000000086ce7480) thrown at [./src/hotspot/share/interpreter/linkResolver.cpp, line 773]
Event: 1.890 Thread 0x000001eb0815b800 Exception <a 'java/security/PrivilegedActionException'{0x00000000870f2780}> (0x00000000870f2780) thrown at [./src/hotspot/share/prims/jvm.cpp, line 1306]
Event: 1.890 Thread 0x000001eb0815b800 Exception <a 'java/security/PrivilegedActionException'{0x00000000870f2cf8}> (0x00000000870f2cf8) thrown at [./src/hotspot/share/prims/jvm.cpp, line 1306]
Event: 2.315 Thread 0x000001eb0815b800 Exception <a 'java/lang/NoSuchMethodError'{0x0000000085d0e9e8}: 'java.lang.Object java.lang.invoke.DirectMethodHandle$Holder.invokeStaticInit(java.lang.Object, java.lang.Object, java.lang.Object)'> (0x0000000085d0e9e8) thrown at [./src/hotspot/share/interpreter/linkResolver.cpp, line 773]
Event: 2.516 Thread 0x000001eb0815b800 Exception <a 'java/lang/NoSuchMethodError'{0x00000000857c53f0}: 'java.lang.Object java.lang.invoke.DirectMethodHandle$Holder.invokeStaticInit(java.lang.Object, int, int, int, int)'> (0x00000000857c53f0) thrown at [./src/hotspot/share/interpreter/linkResolver.cpp, line 773]
Event: 3.051 Thread 0x000001eb0815b800 Exception <a 'java/lang/NoSuchMethodError'{0x0000000085621900}: 'java.lang.Object java.lang.invoke.DirectMethodHandle$Holder.invokeStaticInit(java.lang.Object, java.lang.Object, int, int, int, int)'> (0x0000000085621900) thrown at [./src/hotspot/share/interpreter/linkResolver.cpp, line 773]
Event: 3.792 Thread 0x000001eb0815b800 Exception <a 'java/io/IOException'{0x00000000855f2828}> (0x00000000855f2828) thrown at [./src/hotspot/share/prims/jni.cpp, line 615]
Event: 3.916 Thread 0x000001eb25000000 Exception <a 'java/lang/NoSuchMethodError'{0x000000008516dad0}: <clinit>> (0x000000008516dad0) thrown at [./src/hotspot/share/prims/jni.cpp, line 1365]
Event: 3.919 Thread 0x000001eb25000000 Exception <a 'java/lang/NoSuchMethodError'{0x0000000085185b28}: <clinit>> (0x0000000085185b28) thrown at [./src/hotspot/share/prims/jni.cpp, line 1365]
Event: 3.920 Thread 0x000001eb25000000 Exception <a 'java/lang/NoSuchMethodError'{0x000000008518f4f0}: <clinit>> (0x000000008518f4f0) thrown at [./src/hotspot/share/prims/jni.cpp, line 1365]
Event: 3.922 Thread 0x000001eb25000000 Exception <a 'java/lang/NoSuchMethodError'{0x00000000851a4890}: <clinit>> (0x00000000851a4890) thrown at [./src/hotspot/share/prims/jni.cpp, line 1365]
Event: 4.062 Thread 0x000001eb25004000 Exception <a 'java/lang/NoSuchMethodError'{0x0000000084dd9d90}: 'long java.lang.invoke.DirectMethodHandle$Holder.invokeInterface(java.lang.Object, java.lang.Object)'> (0x0000000084dd9d90) thrown at [./src/hotspot/share/interpreter/linkResolver.cpp, line 773]
Event: 4.064 Thread 0x000001eb25004000 Exception <a 'java/lang/NoSuchMethodError'{0x0000000084de6e30}: 'void java.lang.invoke.DelegatingMethodHandle$Holder.reinvoke_L(java.lang.Object, java.lang.Object, java.lang.Object, java.lang.Object, java.lang.Object, java.lang.Object, java.lang.Object)'> (0x0000000084de6e30) thrown at [./src/hotspot/share/interpreter/linkResolver.cpp, line 773]
Event: 4.461 Thread 0x000001eb25004000 Exception <a 'java/lang/NoSuchMethodError'{0x00000000864ae718}: 'void java.lang.invoke.DirectMethodHandle$Holder.invokeStaticInit(java.lang.Object)'> (0x00000000864ae718) thrown at [./src/hotspot/share/interpreter/linkResolver.cpp, line 773]
Event: 4.481 Thread 0x000001eb25004000 Exception <a 'java/lang/NoSuchMethodError'{0x0000000086393af8}: 'java.lang.Object java.lang.invoke.DirectMethodHandle$Holder.invokeStatic(java.lang.Object, java.lang.Object, java.lang.Object, int)'> (0x0000000086393af8) thrown at [./src/hotspot/share/interpreter/linkResolver.cpp, line 773]
Event: 4.482 Thread 0x000001eb25004000 Exception <a 'java/lang/NoSuchMethodError'{0x0000000086398210}: 'java.lang.Object java.lang.invoke.DirectMethodHandle$Holder.invokeSpecial(java.lang.Object, java.lang.Object, java.lang.Object, java.lang.Object, int)'> (0x0000000086398210) thrown at [./src/hotspot/share/interpreter/linkResolver.cpp, line 773]
Event: 4.482 Thread 0x000001eb25004000 Exception <a 'java/lang/NoSuchMethodError'{0x000000008639c148}: 'java.lang.Object java.lang.invoke.Invokers$Holder.linkToTargetMethod(java.lang.Object, java.lang.Object, int, java.lang.Object)'> (0x000000008639c148) thrown at [./src/hotspot/share/interpreter/linkResolver.cpp, line 773]
Event: 4.930 Thread 0x000001eb25004000 Exception <a 'java/lang/NoSuchMethodError'{0x0000000087ad3070}: 'int java.lang.invoke.DirectMethodHandle$Holder.invokeSpecialIFC(java.lang.Object, java.lang.Object, java.lang.Object, java.lang.Object)'> (0x0000000087ad3070) thrown at [./src/hotspot/share/interpreter/linkResolver.cpp, line 773]
Event: 4.932 Thread 0x000001eb25004000 Exception <a 'java/lang/NoSuchMethodError'{0x0000000087ae1028}: 'java.lang.Object java.lang.invoke.DirectMethodHandle$Holder.invokeInterface(java.lang.Object, java.lang.Object, java.lang.Object)'> (0x0000000087ae1028) thrown at [./src/hotspot/share/interpreter/linkResolver.cpp, line 773]
Event: 4.933 Thread 0x000001eb25004000 Exception <a 'java/lang/IncompatibleClassChangeError'{0x0000000087ae4500}: Found class java.lang.Object, but interface was expected> (0x0000000087ae4500) thrown at [./src/hotspot/share/interpreter/linkResolver.cpp, line 839]

Events (20 events):
Event: 4.983 loading class org/gradle/internal/snapshot/FileSystemLocationSnapshot
Event: 4.983 loading class org/gradle/internal/snapshot/FileSystemLocationSnapshot done
Event: 4.983 loading class org/gradle/internal/fingerprint/impl/EmptyCurrentFileCollectionFingerprint
Event: 4.983 loading class org/gradle/internal/fingerprint/impl/EmptyCurrentFileCollectionFingerprint done
Event: 4.984 loading class org/gradle/internal/hash/Hasher
Event: 4.984 loading class org/gradle/internal/hash/Hasher done
Event: 4.985 loading class org/gradle/internal/hash/Hasher
Event: 4.985 loading class org/gradle/internal/hash/Hasher done
Event: 4.985 loading class org/gradle/api/internal/changedetection/state/ResourceEntryFilter
Event: 4.985 loading class org/gradle/api/internal/changedetection/state/ResourceEntryFilter done
Event: 4.985 loading class org/gradle/internal/hash/Hasher
Event: 4.985 loading class org/gradle/internal/hash/Hasher done
Event: 4.986 loading class org/gradle/api/NonNullApi
Event: 4.986 loading class org/gradle/api/NonNullApi done
Event: 4.987 loading class javax/annotation/Nonnull
Event: 4.987 loading class javax/annotation/Nonnull done
Event: 4.987 loading class javax/annotation/meta/TypeQualifierDefault
Event: 4.987 loading class javax/annotation/meta/TypeQualifierDefault done
Event: 4.989 loading class org/gradle/api/internal/initialization/loadercache/DefaultClasspathHasher
Event: 4.989 loading class org/gradle/api/internal/initialization/loadercache/DefaultClasspathHasher done


Dynamic libraries:
0x00007ff79fbc0000 - 0x00007ff79fbca000 	C:\Program Files\Android-studio-stable 4.2\android-studio-4.2\jre\bin\java.exe
0x00007ffe4b350000 - 0x00007ffe4b545000 	C:\WINDOWS\SYSTEM32\ntdll.dll
0x00007ffe4b0b0000 - 0x00007ffe4b16d000 	C:\WINDOWS\System32\KERNEL32.DLL
0x00007ffe4ade0000 - 0x00007ffe4b0ad000 	C:\WINDOWS\System32\KERNELBASE.dll
0x00007ffe48f60000 - 0x00007ffe49060000 	C:\WINDOWS\System32\ucrtbase.dll
0x00007ffe1f4e0000 - 0x00007ffe1f4f9000 	C:\Program Files\Android-studio-stable 4.2\android-studio-4.2\jre\bin\jli.dll
0x00007ffe1e4f0000 - 0x00007ffe1e507000 	C:\Program Files\Android-studio-stable 4.2\android-studio-4.2\jre\bin\VCRUNTIME140.dll
0x00007ffe4b170000 - 0x00007ffe4b310000 	C:\WINDOWS\System32\USER32.dll
0x00007ffe49060000 - 0x00007ffe49082000 	C:\WINDOWS\System32\win32u.dll
0x00007ffe36cb0000 - 0x00007ffe36f4a000 	C:\WINDOWS\WinSxS\amd64_microsoft.windows.common-controls_6595b64144ccf1df_6.0.19041.1110_none_60b5254171f9507e\COMCTL32.dll
0x00007ffe4aba0000 - 0x00007ffe4ac3e000 	C:\WINDOWS\System32\msvcrt.dll
0x00007ffe497a0000 - 0x00007ffe497ca000 	C:\WINDOWS\System32\GDI32.dll
0x00007ffe48cf0000 - 0x00007ffe48dfb000 	C:\WINDOWS\System32\gdi32full.dll
0x00007ffe48a50000 - 0x00007ffe48aed000 	C:\WINDOWS\System32\msvcp_win.dll
0x00007ffe4ac40000 - 0x00007ffe4ac70000 	C:\WINDOWS\System32\IMM32.DLL
0x00007ffe0baa0000 - 0x00007ffe0bb3d000 	C:\Program Files\Android-studio-stable 4.2\android-studio-4.2\jre\bin\msvcp140.dll
0x00007ffe08240000 - 0x00007ffe08d25000 	C:\Program Files\Android-studio-stable 4.2\android-studio-4.2\jre\bin\server\jvm.dll
0x00007ffe49570000 - 0x00007ffe4961e000 	C:\WINDOWS\System32\ADVAPI32.dll
0x00007ffe49680000 - 0x00007ffe4971c000 	C:\WINDOWS\System32\sechost.dll
0x00007ffe4acb0000 - 0x00007ffe4add5000 	C:\WINDOWS\System32\RPCRT4.dll
0x00007ffe49ad0000 - 0x00007ffe49ad8000 	C:\WINDOWS\System32\PSAPI.DLL
0x00007ffe3e7e0000 - 0x00007ffe3e807000 	C:\WINDOWS\SYSTEM32\WINMM.dll
0x00007ffe3ee50000 - 0x00007ffe3ee59000 	C:\WINDOWS\SYSTEM32\WSOCK32.dll
0x00007ffe41b20000 - 0x00007ffe41b2a000 	C:\WINDOWS\SYSTEM32\VERSION.dll
0x00007ffe494f0000 - 0x00007ffe4955b000 	C:\WINDOWS\System32\WS2_32.dll
0x00007ffe46750000 - 0x00007ffe46762000 	C:\WINDOWS\SYSTEM32\kernel.appcore.dll
0x00007ffe364a0000 - 0x00007ffe364b1000 	C:\Program Files\Android-studio-stable 4.2\android-studio-4.2\jre\bin\verify.dll
0x00007ffe40c40000 - 0x00007ffe40e24000 	C:\WINDOWS\SYSTEM32\DBGHELP.DLL
0x00007ffe40c10000 - 0x00007ffe40c3c000 	C:\WINDOWS\SYSTEM32\dbgcore.DLL
0x00007ffe48b60000 - 0x00007ffe48be2000 	C:\WINDOWS\System32\bcryptPrimitives.dll
0x00007ffe19100000 - 0x00007ffe19129000 	C:\Program Files\Android-studio-stable 4.2\android-studio-4.2\jre\bin\java.dll
0x00007ffe43330000 - 0x00007ffe4333b000 	C:\Program Files\Android-studio-stable 4.2\android-studio-4.2\jre\bin\jimage.dll
0x00007ffe1eea0000 - 0x00007ffe1eeb8000 	C:\Program Files\Android-studio-stable 4.2\android-studio-4.2\jre\bin\zip.dll
0x00007ffe4a450000 - 0x00007ffe4ab94000 	C:\WINDOWS\System32\SHELL32.dll
0x00007ffe46970000 - 0x00007ffe47104000 	C:\WINDOWS\SYSTEM32\windows.storage.dll
0x00007ffe49ae0000 - 0x00007ffe49e34000 	C:\WINDOWS\System32\combase.dll
0x00007ffe48480000 - 0x00007ffe484ac000 	C:\WINDOWS\SYSTEM32\Wldp.dll
0x00007ffe49e40000 - 0x00007ffe49eed000 	C:\WINDOWS\System32\SHCORE.dll
0x00007ffe49240000 - 0x00007ffe49295000 	C:\WINDOWS\System32\shlwapi.dll
0x00007ffe48960000 - 0x00007ffe4897f000 	C:\WINDOWS\SYSTEM32\profapi.dll
0x00007ffe1e070000 - 0x00007ffe1e08a000 	C:\Program Files\Android-studio-stable 4.2\android-studio-4.2\jre\bin\net.dll
0x00007ffe47a10000 - 0x00007ffe47b1a000 	C:\WINDOWS\SYSTEM32\WINHTTP.dll
0x00007ffe48170000 - 0x00007ffe481da000 	C:\WINDOWS\system32\mswsock.dll
0x00007ffe1b640000 - 0x00007ffe1b654000 	C:\Program Files\Android-studio-stable 4.2\android-studio-4.2\jre\bin\nio.dll
0x00007ffe1fd80000 - 0x00007ffe1fda7000 	C:\Users\modini\.gradle\native\e1d6ef7f7dcc3fd88c89a11ec53ec762bb8ba0a96d01ffa2cd45eb1d1d8dd5c5\windows-amd64\native-platform.dll
0x00007ffe0ab60000 - 0x00007ffe0aca4000 	C:\Users\modini\.gradle\native\5664cfc778a61ccfe75a443a1ab52a65af34e5dc3c78e0209fed803814484fcb\windows-amd64\native-platform-file-events.dll
0x00007ffe41050000 - 0x00007ffe4105a000 	C:\Program Files\Android-studio-stable 4.2\android-studio-4.2\jre\bin\management.dll
0x00007ffe302f0000 - 0x00007ffe302fd000 	C:\Program Files\Android-studio-stable 4.2\android-studio-4.2\jre\bin\management_ext.dll
0x00007ffe48360000 - 0x00007ffe48378000 	C:\WINDOWS\SYSTEM32\CRYPTSP.dll
0x00007ffe47980000 - 0x00007ffe479b4000 	C:\WINDOWS\system32\rsaenh.dll
0x00007ffe48a20000 - 0x00007ffe48a47000 	C:\WINDOWS\System32\bcrypt.dll
0x00007ffe488e0000 - 0x00007ffe4890e000 	C:\WINDOWS\SYSTEM32\USERENV.dll
0x00007ffe48380000 - 0x00007ffe4838c000 	C:\WINDOWS\SYSTEM32\CRYPTBASE.dll
0x00007ffe47e60000 - 0x00007ffe47e9b000 	C:\WINDOWS\SYSTEM32\IPHLPAPI.DLL
0x00007ffe49560000 - 0x00007ffe49568000 	C:\WINDOWS\System32\NSI.dll
0x00007ffe42690000 - 0x00007ffe426a7000 	C:\WINDOWS\SYSTEM32\dhcpcsvc6.DLL
0x00007ffe42670000 - 0x00007ffe4268d000 	C:\WINDOWS\SYSTEM32\dhcpcsvc.DLL
0x00007ffe47eb0000 - 0x00007ffe47f7b000 	C:\WINDOWS\SYSTEM32\DNSAPI.dll

dbghelp: loaded successfully - version: 4.0.5 - missing functions: none
symbol engine: initialized successfully - sym options: 0x614 - pdb path: .;C:\Program Files\Android-studio-stable 4.2\android-studio-4.2\jre\bin;C:\WINDOWS\SYSTEM32;C:\WINDOWS\WinSxS\amd64_microsoft.windows.common-controls_6595b64144ccf1df_6.0.19041.1110_none_60b5254171f9507e;C:\Program Files\Android-studio-stable 4.2\android-studio-4.2\jre\bin\server;C:\Users\modini\.gradle\native\e1d6ef7f7dcc3fd88c89a11ec53ec762bb8ba0a96d01ffa2cd45eb1d1d8dd5c5\windows-amd64;C:\Users\modini\.gradle\native\5664cfc778a61ccfe75a443a1ab52a65af34e5dc3c78e0209fed803814484fcb\windows-amd64

VM Arguments:
jvm_args: -XX:MaxMetaspaceSize=512m --add-opens=java.base/java.util=ALL-UNNAMED --add-opens=java.base/java.lang=ALL-UNNAMED --add-opens=java.base/java.lang.invoke=ALL-UNNAMED --add-opens=java.base/java.util=ALL-UNNAMED --add-opens=java.prefs/java.util.prefs=ALL-UNNAMED --add-opens=java.prefs/java.util.prefs=ALL-UNNAMED --add-opens=java.base/java.nio.charset=ALL-UNNAMED --add-opens=java.base/java.net=ALL-UNNAMED --add-opens=java.base/java.util.concurrent.atomic=ALL-UNNAMED -Xmx2048m -Dfile.encoding=windows-1252 -Duser.country=NZ -Duser.language=en -Duser.variant 
java_command: org.gradle.launcher.daemon.bootstrap.GradleDaemon 7.3.3
java_class_path (initial): C:\Users\modini\.gradle\wrapper\dists\gradle-7.3.3-all\4295vidhdd9hd3gbjyw1xqxpo\gradle-7.3.3\lib\gradle-launcher-7.3.3.jar
Launcher Type: SUN_STANDARD

[Global flags]
     intx CICompilerCount                          = 4                                         {product} {ergonomic}
   size_t CompressedClassSpaceSize                 = 528482304                                 {product} {ergonomic}
     uint ConcGCThreads                            = 2                                         {product} {ergonomic}
     uint G1ConcRefinementThreads                  = 8                                         {product} {ergonomic}
   size_t G1HeapRegionSize                         = 1048576                                   {product} {ergonomic}
    uintx GCDrainStackTargetSize                   = 64                                        {product} {ergonomic}
   size_t InitialHeapSize                          = 132120576                                 {product} {ergonomic}
   size_t MarkStackSize                            = 4194304                                   {product} {ergonomic}
   size_t MaxHeapSize                              = 2147483648                                {product} {command line}
   size_t MaxMetaspaceSize                         = 536870912                                 {product} {command line}
   size_t MaxNewSize                               = 1287651328                                {product} {ergonomic}
   size_t MinHeapDeltaBytes                        = 1048576                                   {product} {ergonomic}
    uintx NonNMethodCodeHeapSize                   = 5836300                                {pd product} {ergonomic}
    uintx NonProfiledCodeHeapSize                  = 122910970                              {pd product} {ergonomic}
    uintx ProfiledCodeHeapSize                     = 122910970                              {pd product} {ergonomic}
    uintx ReservedCodeCacheSize                    = 251658240                              {pd product} {ergonomic}
     bool SegmentedCodeCache                       = true                                      {product} {ergonomic}
     bool UseCompressedClassPointers               = true                                 {lp64_product} {ergonomic}
     bool UseCompressedOops                        = true                                 {lp64_product} {ergonomic}
     bool UseG1GC                                  = true                                      {product} {ergonomic}
     bool UseLargePagesIndividualAllocation        = false                                  {pd product} {ergonomic}

Logging:
Log output configuration:
 #0: stdout all=warning uptime,level,tags
 #1: stderr all=off uptime,level,tags

Environment Variables:
JAVA_HOME=C:\Program Files\Java\jdk-11.0.14
CLASSPATH=.;
PATH=C:\Program Files\Common Files\Oracle\Java\javapath;C:\Python310\Scripts\;C:\Python310\;C:\Python27\;C:\Python27\Scripts;C:\Python38\Scripts\;C:\Python38\;C:\Program Files (x86)\Common Files\Oracle\Java\javapath;C:\WINDOWS\system32;C:\WINDOWS;C:\WINDOWS\System32\Wbem;C:\WINDOWS\System32\WindowsPowerShell\v1.0\;C:\WINDOWS\System32\OpenSSH\;C:\ProgramData\chocolatey\bin;C:\Program Files\Java\jdk1.8.0_211\bin;C:\Program Files (x86)\Yarn\bin\;C:\Program Files\MySQL\MySQL Server 5.0\bin\bin;C:\Program Files\Git\cmd;C:\Program Files\nodejs\;C:\Program Files\dotnet\;C:\Ruby27-x64\bin;C:\Users\modini\AppData\Local\Microsoft\WindowsApps;C:\Users\modini\AppData\Local\Programs\Microsoft VS Code\bin;C:\Users\modini\AppData\Local\Android\Sdk\platform-tools;C:\Users\modini\AppData\Local\Yarn\bin;C:\Program Files\nodejs;C:\Users\modini\AppData\Roaming\npm
USERNAME=modini
OS=Windows_NT
PROCESSOR_IDENTIFIER=Intel64 Family 6 Model 142 Stepping 12, GenuineIntel



---------------  S Y S T E M  ---------------

OS: Windows 10 , 64 bit Build 19041 (10.0.19041.1706)
OS uptime: 6 days 8:59 hours

CPU:total 8 (initial active 8) (4 cores per cpu, 2 threads per core) family 6 model 142 stepping 12 microcode 0xc6, cmov, cx8, fxsr, mmx, sse, sse2, sse3, ssse3, sse4.1, sse4.2, popcnt, avx, avx2, aes, clmul, erms, 3dnowpref, lzcnt, ht, tsc, tscinvbit, bmi1, bmi2, adx, fma

Memory: 4k page, system-wide physical 8002M (178M free)
TotalPageFile size 32578M (AvailPageFile size 6M)
current process WorkingSet (physical memory assigned to process): 164M, peak: 164M
current process commit charge ("private bytes"): 258M, peak: 258M

vm_info: OpenJDK 64-Bit Server VM (11.0.12+7-b1504.28-7817840) for windows-amd64 JRE (11.0.12+7-b1504.28-7817840), built on Oct 13 2021 22:12:33 by "builder" with MS VC++ 14.0 (VS2015)

END.
